<?xml version="1.0" encoding="UTF-8"?>
<testng-results ignored="0" total="1" passed="0" failed="1" skipped="0">
  <reporter-output>
  </reporter-output>
  <suite started-at="2024-05-15T11:42:00Z" name="Default suite" finished-at="2024-05-15T11:42:08Z" duration-ms="7750">
    <groups>
    </groups>
    <test started-at="2024-05-15T11:42:00Z" name="Default test" finished-at="2024-05-15T11:42:08Z" duration-ms="7750">
      <class name="com.retail.testscripts.regression.Suite1.RegressionSuite01">
        <test-method is-config="true" signature="preSetUp()[pri:0, instance:com.retail.testscripts.regression.Suite1.RegressionSuite01@183ec003]" started-at="2024-05-15T11:42:00Z" name="preSetUp" finished-at="2024-05-15T11:42:00Z" duration-ms="198" status="PASS">
          <reporter-output>
          </reporter-output>
        </test-method> <!-- preSetUp -->
        <test-method is-config="true" signature="setup()[pri:0, instance:com.retail.testscripts.regression.Suite1.RegressionSuite01@183ec003]" started-at="2024-05-15T11:42:00Z" name="setup" finished-at="2024-05-15T11:42:06Z" duration-ms="5958" status="PASS">
          <reporter-output>
          </reporter-output>
        </test-method> <!-- setup -->
        <test-method signature="verifyUserLoginWithCorrectCredentials()[pri:0, instance:com.retail.testscripts.regression.Suite1.RegressionSuite01@183ec003]" started-at="2024-05-15T11:42:06Z" name="verifyUserLoginWithCorrectCredentials" finished-at="2024-05-15T11:42:07Z" duration-ms="1256" status="FAIL">
          <exception class="java.lang.AssertionError">
            <message>
              <![CDATA[expected [Guru99 Bank Manager Home page] but found [Guru99 Bank Manager HomePage]]]>
            </message>
            <full-stacktrace>
              <![CDATA[java.lang.AssertionError: expected [Guru99 Bank Manager Home page] but found [Guru99 Bank Manager HomePage]
at org.testng.Assert.fail(Assert.java:96)
at org.testng.Assert.failNotEquals(Assert.java:776)
at org.testng.Assert.assertEqualsImpl(Assert.java:137)
at org.testng.Assert.assertEquals(Assert.java:118)
at org.testng.Assert.assertEquals(Assert.java:453)
at org.testng.Assert.assertEquals(Assert.java:463)
at com.retail.testscripts.regression.Suite1.RegressionSuite01.verifyUserLoginWithCorrectCredentials(RegressionSuite01.java:39)
at java.base/jdk.internal.reflect.NativeMethodAccessorImpl.invoke0(Native Method)
at java.base/jdk.internal.reflect.NativeMethodAccessorImpl.invoke(NativeMethodAccessorImpl.java:77)
at java.base/jdk.internal.reflect.DelegatingMethodAccessorImpl.invoke(DelegatingMethodAccessorImpl.java:43)
at java.base/java.lang.reflect.Method.invoke(Method.java:568)
at org.testng.internal.MethodInvocationHelper.invokeMethod(MethodInvocationHelper.java:124)
at org.testng.internal.Invoker.invokeMethod(Invoker.java:583)
at org.testng.internal.Invoker.invokeTestMethod(Invoker.java:719)
at org.testng.internal.Invoker.invokeTestMethods(Invoker.java:989)
at org.testng.internal.TestMethodWorker.invokeTestMethods(TestMethodWorker.java:125)
at org.testng.internal.TestMethodWorker.run(TestMethodWorker.java:109)
at org.testng.TestRunner.privateRun(TestRunner.java:648)
at org.testng.TestRunner.run(TestRunner.java:505)
at org.testng.SuiteRunner.runTest(SuiteRunner.java:455)
at org.testng.SuiteRunner.runSequentially(SuiteRunner.java:450)
at org.testng.SuiteRunner.privateRun(SuiteRunner.java:415)
at org.testng.SuiteRunner.run(SuiteRunner.java:364)
at org.testng.SuiteRunnerWorker.runSuite(SuiteRunnerWorker.java:52)
at org.testng.SuiteRunnerWorker.run(SuiteRunnerWorker.java:84)
at org.testng.TestNG.runSuitesSequentially(TestNG.java:1208)
at org.testng.TestNG.runSuitesLocally(TestNG.java:1137)
at org.testng.TestNG.runSuites(TestNG.java:1049)
at org.testng.TestNG.run(TestNG.java:1017)
at org.testng.remote.AbstractRemoteTestNG.run(AbstractRemoteTestNG.java:115)
at org.testng.remote.RemoteTestNG.initAndRun(RemoteTestNG.java:251)
at org.testng.remote.RemoteTestNG.main(RemoteTestNG.java:77)
]]>
            </full-stacktrace>
          </exception> <!-- java.lang.AssertionError -->
          <reporter-output>
          </reporter-output>
        </test-method> <!-- verifyUserLoginWithCorrectCredentials -->
        <test-method is-config="true" signature="postTestAction(org.testng.ITestResult)[pri:0, instance:com.retail.testscripts.regression.Suite1.RegressionSuite01@183ec003]" started-at="2024-05-15T11:42:07Z" name="postTestAction" finished-at="2024-05-15T11:42:07Z" duration-ms="228" status="PASS">
          <params>
            <param index="0">
              <value>
                <![CDATA[[TestResult name=verifyUserLoginWithCorrectCredentials status=FAILURE method=RegressionSuite01.verifyUserLoginWithCorrectCredentials()[pri:0, instance:com.retail.testscripts.regression.Suite1.RegressionSuite01@183ec003] output={null}]]]>
              </value>
            </param>
          </params>
          <reporter-output>
          </reporter-output>
        </test-method> <!-- postTestAction -->
        <test-method is-config="true" signature="tearDown()[pri:0, instance:com.retail.testscripts.regression.Suite1.RegressionSuite01@183ec003]" started-at="2024-05-15T11:42:07Z" name="tearDown" finished-at="2024-05-15T11:42:08Z" duration-ms="284" status="PASS">
          <reporter-output>
          </reporter-output>
        </test-method> <!-- tearDown -->
        <test-method is-config="true" signature="closeReport()[pri:0, instance:com.retail.testscripts.regression.Suite1.RegressionSuite01@183ec003]" started-at="2024-05-15T11:42:08Z" name="closeReport" finished-at="2024-05-15T11:42:08Z" duration-ms="239" status="PASS">
          <reporter-output>
          </reporter-output>
        </test-method> <!-- closeReport -->
      </class> <!-- com.retail.testscripts.regression.Suite1.RegressionSuite01 -->
    </test> <!-- Default test -->
  </suite> <!-- Default suite -->
</testng-results>
